c:\users\gksmf\onedrive\바탕 화면\notebook\c\c202309-p\sources\jpeg-9e\release\x64\jpeg.pdb
c:\users\gksmf\onedrive\바탕 화면\notebook\c\c202309-p\sources\jpeg-9e\release\x64\jpeg\jdarith.obj
c:\users\gksmf\onedrive\바탕 화면\notebook\c\c202309-p\sources\jpeg-9e\release\x64\jpeg\jdapistd.obj
c:\users\gksmf\onedrive\바탕 화면\notebook\c\c202309-p\sources\jpeg-9e\release\x64\jpeg\jdapimin.obj
c:\users\gksmf\onedrive\바탕 화면\notebook\c\c202309-p\sources\jpeg-9e\release\x64\jpeg\jctrans.obj
c:\users\gksmf\onedrive\바탕 화면\notebook\c\c202309-p\sources\jpeg-9e\release\x64\jpeg\jcsample.obj
c:\users\gksmf\onedrive\바탕 화면\notebook\c\c202309-p\sources\jpeg-9e\release\x64\jpeg\jcprepct.obj
c:\users\gksmf\onedrive\바탕 화면\notebook\c\c202309-p\sources\jpeg-9e\release\x64\jpeg\jcparam.obj
c:\users\gksmf\onedrive\바탕 화면\notebook\c\c202309-p\sources\jpeg-9e\release\x64\jpeg\jcomapi.obj
c:\users\gksmf\onedrive\바탕 화면\notebook\c\c202309-p\sources\jpeg-9e\release\x64\jpeg\jcmaster.obj
c:\users\gksmf\onedrive\바탕 화면\notebook\c\c202309-p\sources\jpeg-9e\release\x64\jpeg\jcmarker.obj
c:\users\gksmf\onedrive\바탕 화면\notebook\c\c202309-p\sources\jpeg-9e\release\x64\jpeg\jcmainct.obj
c:\users\gksmf\onedrive\바탕 화면\notebook\c\c202309-p\sources\jpeg-9e\release\x64\jpeg\jcinit.obj
c:\users\gksmf\onedrive\바탕 화면\notebook\c\c202309-p\sources\jpeg-9e\release\x64\jpeg\jchuff.obj
c:\users\gksmf\onedrive\바탕 화면\notebook\c\c202309-p\sources\jpeg-9e\release\x64\jpeg\jcdctmgr.obj
c:\users\gksmf\onedrive\바탕 화면\notebook\c\c202309-p\sources\jpeg-9e\release\x64\jpeg\jccolor.obj
c:\users\gksmf\onedrive\바탕 화면\notebook\c\c202309-p\sources\jpeg-9e\release\x64\jpeg\jccoefct.obj
c:\users\gksmf\onedrive\바탕 화면\notebook\c\c202309-p\sources\jpeg-9e\release\x64\jpeg\jcarith.obj
c:\users\gksmf\onedrive\바탕 화면\notebook\c\c202309-p\sources\jpeg-9e\release\x64\jpeg\jcapistd.obj
c:\users\gksmf\onedrive\바탕 화면\notebook\c\c202309-p\sources\jpeg-9e\release\x64\jpeg\jcapimin.obj
c:\users\gksmf\onedrive\바탕 화면\notebook\c\c202309-p\sources\jpeg-9e\release\x64\jpeg\jaricom.obj
c:\users\gksmf\onedrive\바탕 화면\notebook\c\c202309-p\sources\jpeg-9e\release\x64\jpeg\jidctfst.obj
c:\users\gksmf\onedrive\바탕 화면\notebook\c\c202309-p\sources\jpeg-9e\release\x64\jpeg\jidctflt.obj
c:\users\gksmf\onedrive\바탕 화면\notebook\c\c202309-p\sources\jpeg-9e\release\x64\jpeg\jfdctint.obj
c:\users\gksmf\onedrive\바탕 화면\notebook\c\c202309-p\sources\jpeg-9e\release\x64\jpeg\jfdctfst.obj
c:\users\gksmf\onedrive\바탕 화면\notebook\c\c202309-p\sources\jpeg-9e\release\x64\jpeg\jfdctflt.obj
c:\users\gksmf\onedrive\바탕 화면\notebook\c\c202309-p\sources\jpeg-9e\release\x64\jpeg\jerror.obj
c:\users\gksmf\onedrive\바탕 화면\notebook\c\c202309-p\sources\jpeg-9e\release\x64\jpeg\jdtrans.obj
c:\users\gksmf\onedrive\바탕 화면\notebook\c\c202309-p\sources\jpeg-9e\release\x64\jpeg\jdsample.obj
c:\users\gksmf\onedrive\바탕 화면\notebook\c\c202309-p\sources\jpeg-9e\release\x64\jpeg\jdpostct.obj
c:\users\gksmf\onedrive\바탕 화면\notebook\c\c202309-p\sources\jpeg-9e\release\x64\jpeg\jdmerge.obj
c:\users\gksmf\onedrive\바탕 화면\notebook\c\c202309-p\sources\jpeg-9e\release\x64\jpeg\jdmaster.obj
c:\users\gksmf\onedrive\바탕 화면\notebook\c\c202309-p\sources\jpeg-9e\release\x64\jpeg\jdmarker.obj
c:\users\gksmf\onedrive\바탕 화면\notebook\c\c202309-p\sources\jpeg-9e\release\x64\jpeg\jdmainct.obj
c:\users\gksmf\onedrive\바탕 화면\notebook\c\c202309-p\sources\jpeg-9e\release\x64\jpeg\jdinput.obj
c:\users\gksmf\onedrive\바탕 화면\notebook\c\c202309-p\sources\jpeg-9e\release\x64\jpeg\jdhuff.obj
c:\users\gksmf\onedrive\바탕 화면\notebook\c\c202309-p\sources\jpeg-9e\release\x64\jpeg\jddctmgr.obj
c:\users\gksmf\onedrive\바탕 화면\notebook\c\c202309-p\sources\jpeg-9e\release\x64\jpeg\jdcolor.obj
c:\users\gksmf\onedrive\바탕 화면\notebook\c\c202309-p\sources\jpeg-9e\release\x64\jpeg\jdcoefct.obj
c:\users\gksmf\onedrive\바탕 화면\notebook\c\c202309-p\sources\jpeg-9e\release\x64\jpeg\jdatasrc.obj
c:\users\gksmf\onedrive\바탕 화면\notebook\c\c202309-p\sources\jpeg-9e\release\x64\jpeg\jdatadst.obj
c:\users\gksmf\onedrive\바탕 화면\notebook\c\c202309-p\sources\jpeg-9e\release\x64\jpeg\jutils.obj
c:\users\gksmf\onedrive\바탕 화면\notebook\c\c202309-p\sources\jpeg-9e\release\x64\jpeg\jquant2.obj
c:\users\gksmf\onedrive\바탕 화면\notebook\c\c202309-p\sources\jpeg-9e\release\x64\jpeg\jquant1.obj
c:\users\gksmf\onedrive\바탕 화면\notebook\c\c202309-p\sources\jpeg-9e\release\x64\jpeg\jmemnobs.obj
c:\users\gksmf\onedrive\바탕 화면\notebook\c\c202309-p\sources\jpeg-9e\release\x64\jpeg\jmemmgr.obj
c:\users\gksmf\onedrive\바탕 화면\notebook\c\c202309-p\sources\jpeg-9e\release\x64\jpeg\jidctint.obj
c:\users\gksmf\onedrive\바탕 화면\notebook\c\c202309-p\sources\jpeg-9e\release\x64\jpeg.lib
c:\users\gksmf\onedrive\바탕 화면\notebook\c\c202309-p\sources\jpeg-9e\release\x64\jpeg\jpeg.tlog\cl.command.1.tlog
c:\users\gksmf\onedrive\바탕 화면\notebook\c\c202309-p\sources\jpeg-9e\release\x64\jpeg\jpeg.tlog\cl.items.tlog
c:\users\gksmf\onedrive\바탕 화면\notebook\c\c202309-p\sources\jpeg-9e\release\x64\jpeg\jpeg.tlog\cl.read.1.tlog
c:\users\gksmf\onedrive\바탕 화면\notebook\c\c202309-p\sources\jpeg-9e\release\x64\jpeg\jpeg.tlog\cl.write.1.tlog
c:\users\gksmf\onedrive\바탕 화면\notebook\c\c202309-p\sources\jpeg-9e\release\x64\jpeg\jpeg.tlog\lib-link.read.1.tlog
c:\users\gksmf\onedrive\바탕 화면\notebook\c\c202309-p\sources\jpeg-9e\release\x64\jpeg\jpeg.tlog\lib-link.write.1.tlog
c:\users\gksmf\onedrive\바탕 화면\notebook\c\c202309-p\sources\jpeg-9e\release\x64\jpeg\jpeg.tlog\lib.command.1.tlog
